Logfile initialized
[INFO] logfile = D:\Titanium-Workspace\facebook-syle-menu\build.log
[DEBUG] C:\Users\karthi\AppData\Roaming\Titanium\mobilesdk\win32\2.1.3.GA\android\builder.py simulator facebook-syle-menu D:\android-sdk-windows D:\Titanium-Workspace\facebook-syle-menu com.titutorial.fbstylemenu 13 HVGA
[INFO] Building facebook-syle-menu for Android ... one moment
[INFO] Titanium SDK version: 2.1.3 (10/02/12 16:16 15997d0)
[DEBUG] Waiting for device to be ready ...
[TRACE] adb devices returned 1 devices/emulators
[DEBUG] Device connected... (waited 0 seconds)
[DEBUG] waited 0.110000 seconds on emulator to get ready
[DEBUG] com.titutorial.fbstylemenu installed? False
[INFO] Fastdev server running, deploying in Fastdev mode
[INFO] Copying CommonJS modules...
[INFO] Copying project resources..
[INFO] Tiapp.xml unchanged, skipping class generation
[DEBUG] Processing Android resource drawables
[DEBUG] found drawable-long-land-hdpi splash screen at D:\Titanium-Workspace\facebook-syle-menu\Resources\android\images\res-long-land-hdpi\default.png
[DEBUG] found drawable-long-land-ldpi splash screen at D:\Titanium-Workspace\facebook-syle-menu\Resources\android\images\res-long-land-ldpi\default.png
[DEBUG] found drawable-long-port-hdpi splash screen at D:\Titanium-Workspace\facebook-syle-menu\Resources\android\images\res-long-port-hdpi\default.png
[DEBUG] found drawable-long-port-ldpi splash screen at D:\Titanium-Workspace\facebook-syle-menu\Resources\android\images\res-long-port-ldpi\default.png
[DEBUG] found drawable-notlong-land-hdpi splash screen at D:\Titanium-Workspace\facebook-syle-menu\Resources\android\images\res-notlong-land-hdpi\default.png
[DEBUG] found drawable-notlong-land-ldpi splash screen at D:\Titanium-Workspace\facebook-syle-menu\Resources\android\images\res-notlong-land-ldpi\default.png
[DEBUG] found drawable-notlong-land-mdpi splash screen at D:\Titanium-Workspace\facebook-syle-menu\Resources\android\images\res-notlong-land-mdpi\default.png
[DEBUG] found drawable-notlong-port-hdpi splash screen at D:\Titanium-Workspace\facebook-syle-menu\Resources\android\images\res-notlong-port-hdpi\default.png
[DEBUG] found drawable-notlong-port-ldpi splash screen at D:\Titanium-Workspace\facebook-syle-menu\Resources\android\images\res-notlong-port-ldpi\default.png
[DEBUG] found drawable-notlong-port-mdpi splash screen at D:\Titanium-Workspace\facebook-syle-menu\Resources\android\images\res-notlong-port-mdpi\default.png
[INFO] Waiting for SDCard to become available..
[DEBUG] creating unsigned apk: D:\Titanium-Workspace\facebook-syle-menu\build\android\bin\app-unsigned.apk
[DEBUG] from resource zip => assets/Resources/app.js
[DEBUG] from resource zip => assets/Resources/appicon.png
[DEBUG] from resource zip => assets/Resources/default.png
[DEBUG] from resource zip => assets/Resources/list_icon.png
[DEBUG] from resource zip => assets/app.json
[DEBUG] from resource zip => assets/index.json
[DEBUG] from resource zip => assets/tiapp.xml
[DEBUG] from resource zip => res/drawable/appicon.png
[DEBUG] from resource zip => res/drawable/background.png
[DEBUG] from resource zip => res/drawable/close.png
[DEBUG] from resource zip => res/drawable/facebook_login.png
[DEBUG] from resource zip => res/drawable/facebook_login_down.png
[DEBUG] from resource zip => res/drawable/facebook_login_wide.png
[DEBUG] from resource zip => res/drawable/facebook_login_wide_down.png
[DEBUG] from resource zip => res/drawable/facebook_logout.png
[DEBUG] from resource zip => res/drawable/facebook_logout_down.png
[DEBUG] from resource zip => res/layout/titanium_tabgroup.xml
[DEBUG] from resource zip => AndroidManifest.xml
[DEBUG] from resource zip => resources.arsc
[DEBUG] from resource zip => res/drawable-hdpi/close.png
[DEBUG] from resource zip => res/drawable-ldpi/close.png
[DEBUG] from resource zip => res/drawable-long-land-hdpi/background.png
[DEBUG] from resource zip => res/drawable-long-land-hdpi/default_d44e27d97b.png
[DEBUG] from resource zip => res/drawable-long-land-ldpi/background.png
[DEBUG] from resource zip => res/drawable-long-land-ldpi/default_d44e27d97b.png
[DEBUG] from resource zip => res/drawable-long-port-hdpi/background.png
[DEBUG] from resource zip => res/drawable-long-port-hdpi/default_d44e27d97b.png
[DEBUG] from resource zip => res/drawable-long-port-ldpi/background.png
[DEBUG] from resource zip => res/drawable-long-port-ldpi/default_d44e27d97b.png
[DEBUG] from resource zip => res/drawable-notlong-land-hdpi/background.png
[DEBUG] from resource zip => res/drawable-notlong-land-hdpi/default_d44e27d97b.png
[DEBUG] from resource zip => res/drawable-notlong-land-ldpi/background.png
[DEBUG] from resource zip => res/drawable-notlong-land-ldpi/default_d44e27d97b.png
[DEBUG] from resource zip => res/drawable-notlong-land-mdpi/background.png
[DEBUG] from resource zip => res/drawable-notlong-land-mdpi/default_d44e27d97b.png
[DEBUG] from resource zip => res/drawable-notlong-port-hdpi/background.png
[DEBUG] from resource zip => res/drawable-notlong-port-hdpi/default_d44e27d97b.png
[DEBUG] from resource zip => res/drawable-notlong-port-ldpi/background.png
[DEBUG] from resource zip => res/drawable-notlong-port-ldpi/default_d44e27d97b.png
[DEBUG] from resource zip => res/drawable-notlong-port-mdpi/background.png
[DEBUG] from resource zip => res/drawable-notlong-port-mdpi/default_d44e27d97b.png
[DEBUG] from JAR C:\Users\karthi\AppData\Roaming\Titanium\mobilesdk\win32\2.1.3.GA\android\titanium.jar => org/appcelerator/titanium/build.properties
[DEBUG] from JAR C:\Users\karthi\AppData\Roaming\Titanium\mobilesdk\win32\2.1.3.GA\android\titanium.jar => org/appcelerator/titanium/res/drawable/background.png
[DEBUG] from JAR C:\Users\karthi\AppData\Roaming\Titanium\mobilesdk\win32\2.1.3.GA\android\titanium.jar => org/appcelerator/titanium/res/drawable/btn_check_buttonless_on.png
[DEBUG] from JAR C:\Users\karthi\AppData\Roaming\Titanium\mobilesdk\win32\2.1.3.GA\android\titanium.jar => org/appcelerator/titanium/res/drawable/btn_check_buttonless_on_18.png
[DEBUG] from JAR C:\Users\karthi\AppData\Roaming\Titanium\mobilesdk\win32\2.1.3.GA\android\titanium.jar => org/appcelerator/titanium/res/drawable/btn_check_buttonless_on_48.png
[DEBUG] from JAR C:\Users\karthi\AppData\Roaming\Titanium\mobilesdk\win32\2.1.3.GA\android\titanium.jar => org/appcelerator/titanium/res/drawable/btn_more.png
[DEBUG] from JAR C:\Users\karthi\AppData\Roaming\Titanium\mobilesdk\win32\2.1.3.GA\android\titanium.jar => org/appcelerator/titanium/res/drawable/btn_more_18.png
[DEBUG] from JAR C:\Users\karthi\AppData\Roaming\Titanium\mobilesdk\win32\2.1.3.GA\android\titanium.jar => org/appcelerator/titanium/res/drawable/btn_more_48.png
[DEBUG] from JAR C:\Users\karthi\AppData\Roaming\Titanium\mobilesdk\win32\2.1.3.GA\android\titanium.jar => org/appcelerator/titanium/res/drawable/btn_picker_normal.9.png
[DEBUG] from JAR C:\Users\karthi\AppData\Roaming\Titanium\mobilesdk\win32\2.1.3.GA\android\titanium.jar => org/appcelerator/titanium/res/drawable/btn_picker_pressed.9.png
[DEBUG] from JAR C:\Users\karthi\AppData\Roaming\Titanium\mobilesdk\win32\2.1.3.GA\android\titanium.jar => org/appcelerator/titanium/res/drawable/btn_picker_selected.9.png
[DEBUG] from JAR C:\Users\karthi\AppData\Roaming\Titanium\mobilesdk\win32\2.1.3.GA\android\titanium.jar => org/appcelerator/titanium/res/drawable/default_icon.png
[DEBUG] from JAR C:\Users\karthi\AppData\Roaming\Titanium\mobilesdk\win32\2.1.3.GA\android\titanium.jar => org/appcelerator/titanium/res/drawable/photoDefault.png
[DEBUG] from JAR C:\Users\karthi\AppData\Roaming\Titanium\mobilesdk\win32\2.1.3.GA\android\thirdparty.jar => org/apache/Commons-NOTICE.txt
[DEBUG] from JAR C:\Users\karthi\AppData\Roaming\Titanium\mobilesdk\win32\2.1.3.GA\android\thirdparty.jar => org/apache/HttpComponents-NOTICE.txt
[DEBUG] from JAR C:\Users\karthi\AppData\Roaming\Titanium\mobilesdk\win32\2.1.3.GA\android\thirdparty.jar => org/apache/mime4j-NOTICE.txt
[DEBUG] from JAR C:\Users\karthi\AppData\Roaming\Titanium\mobilesdk\win32\2.1.3.GA\android\modules\titanium-ui.jar => ti/modules/titanium/ui/widget/webview/binding.js
[DEBUG] from JAR C:\Users\karthi\AppData\Roaming\Titanium\mobilesdk\win32\2.1.3.GA\android\modules\titanium-ui.jar => ti/modules/titanium/ui/widget/webview/binding.min.js
[DEBUG] from JAR C:\Users\karthi\AppData\Roaming\Titanium\mobilesdk\win32\2.1.3.GA\android\modules\titanium-ui.jar => ti/modules/titanium/ui/widget/webview/json2.js
[DEBUG] from JAR C:\Users\karthi\AppData\Roaming\Titanium\mobilesdk\win32\2.1.3.GA\android\modules\titanium-ui.jar => ti/modules/titanium/ui/widget/webview/polling.js
[DEBUG] from JAR C:\Users\karthi\AppData\Roaming\Titanium\mobilesdk\win32\2.1.3.GA\android\modules\titanium-ui.jar => ti/modules/titanium/ui/widget/webview/polling.min.js
[DEBUG] from JAR C:\Users\karthi\AppData\Roaming\Titanium\mobilesdk\win32\2.1.3.GA\android\modules\titanium-facebook.jar => ti/modules/titanium/facebook/LICENSE
[DEBUG] installing native SDK libs
[DEBUG] Waiting for device to be ready ...
[TRACE] adb devices returned 1 devices/emulators
[DEBUG] Device connected... (waited 0 seconds)
[DEBUG] waited 0.058000 seconds on emulator to get ready
[INFO] Installing application on emulator
[INFO] Launching application ... facebook-syle-menu
[TRACE] Launch output: Starting: Intent { act=android.intent.action.MAIN cat=[android.intent.category.LAUNCHER] flg=0x10200000 cmp=com.titutorial.fbstylemenu/.FacebookSyleMenuActivity }

[INFO] Deployed facebook-syle-menu ... Application should be running.
